<?xml version="1.0" encoding="UTF-8"?>
<!-- Generated by org.testng.reporters.JUnitReportReporter -->
<testsuite hostname="DESKTOP-27ESGJF" failures="1" tests="4" name="cucumberOptions.TestRunner" time="88.476" errors="0" timestamp="2022-02-06T15:51:02 SGT" skipped="0">
  <testcase classname="cucumberOptions.TestRunner" name="runScenario" time="24.221"/>
  <system-out/>
  <testcase classname="cucumberOptions.TestRunner" name="runScenario" time="19.912"/>
  <system-out/>
  <testcase classname="cucumberOptions.TestRunner" name="runScenario" time="19.940"/>
  <system-out/>
  <testcase classname="cucumberOptions.TestRunner" name="runScenario" time="24.403">
    <failure message="expected [No data] but found [Beetroot]" type="java.lang.AssertionError">
      <![CDATA[java.lang.AssertionError: expected [No data] but found [Beetroot]
at org.testng.Assert.fail(Assert.java:99)
at org.testng.Assert.failNotEquals(Assert.java:1037)
at org.testng.Assert.assertEqualsImpl(Assert.java:140)
at org.testng.Assert.assertEquals(Assert.java:122)
at org.testng.Assert.assertEquals(Assert.java:629)
at org.testng.Assert.assertEquals(Assert.java:639)
at stepDefinitions.OfferPagestepDefinitions._offer_page_displays_the_veg_name(OfferPagestepDefinitions.java:93)
at âœ½.: Offer page displays the veg name(file:///C:/Elsa/Eclipse-workspace/GovTech/src/test/java/features/searchProduct.feature:8)
]]>
    </failure>
  </testcase> <!-- runScenario -->
  <system-out/>
</testsuite> <!-- cucumberOptions.TestRunner -->
