<?xml version="1.0" encoding="UTF-8"?>
<!-- Generated by org.testng.reporters.JUnitReportReporter -->
<testsuite hostname="DESKTOP-27ESGJF" failures="0" tests="1" name="cucumberOptions.TestRunner" time="20.511" errors="0" timestamp="2022-01-29T12:20:45 SGT" skipped="0">
  <testcase classname="cucumberOptions.TestRunner" name="runScenario" time="20.511"/>
  <system-out/>
</testsuite> <!-- cucumberOptions.TestRunner -->
